

Configurado para altera o papel de parede a cada 5 minuto(s).



Novo wallpaper (15/07/2025_23:25:50): /home/fernando/Imagens/wallpapers-BigLinux/robot1.avif 


Novo wallpaper (15/07/2025_23:30:50): /home/fernando/Imagens/wallpapers-BigLinux/cat clean1.avif 


Novo wallpaper (15/07/2025_23:35:50): /home/fernando/Imagens/extra-biglinux-wallpapers/usr/share/wallpapers/abstract natural2.heic 


Novo wallpaper (15/07/2025_23:40:50): /home/fernando/Imagens/extra-biglinux-wallpapers-2023/usr/share/wallpapers/clean pink5.heic 


Novo wallpaper (15/07/2025_23:45:50): /home/fernando/Imagens/wallpapers-BigLinux/art paint14.avif 


Novo wallpaper (15/07/2025_23:50:50): /home/fernando/Imagens/20250715_12h49m12s_grim.png 


Novo wallpaper (15/07/2025_23:55:50): /home/fernando/Imagens/extra-biglinux-wallpapers-2023/usr/share/wallpapers/computer4.heic 


Novo wallpaper (16/07/2025_00:00:51): /home/fernando/Imagens/wallpapers-BigLinux/animal owl8.avif 


Novo wallpaper (16/07/2025_00:05:51): /home/fernando/Imagens/extra-biglinux-wallpapers-2023/usr/share/wallpapers/animal funny10.heic 


Novo wallpaper (16/07/2025_00:10:51): /home/fernando/Imagens/wallhaven-q28y87.png 


Novo wallpaper (16/07/2025_00:15:51): /home/fernando/Imagens/wallpapers-BigLinux/space travel4.avif 


Novo wallpaper (16/07/2025_00:20:51): /home/fernando/Imagens/extra-biglinux-wallpapers-2023/usr/share/wallpapers/clean pink4.heic 


Novo wallpaper (16/07/2025_00:25:51): /home/fernando/Imagens/extra-biglinux-wallpapers-2023/usr/share/wallpapers/animal clean blue2.heic 


Novo wallpaper (16/07/2025_00:30:51): /home/fernando/Imagens/extra-biglinux-wallpapers-2023/usr/share/wallpapers/animal clean pink1.heic 


Novo wallpaper (16/07/2025_00:35:51): /home/fernando/Imagens/wallpapers-BigLinux/cyberpunk girl2.avif 


Novo wallpaper (16/07/2025_00:40:51): /home/fernando/Imagens/extra-biglinux-wallpapers-2023/usr/share/wallpapers/penguin fluffy.heic 


Novo wallpaper (16/07/2025_00:45:51): /home/fernando/Imagens/wallpapers-BigLinux/music1.avif 


Novo wallpaper (16/07/2025_00:50:52): /home/fernando/Imagens/wallpapers-BigLinux/penguin art10.avif 


Novo wallpaper (16/07/2025_00:55:52): /home/fernando/Imagens/extra-biglinux-wallpapers-2023/usr/share/wallpapers/zz non sense horse1.heic 


Novo wallpaper (16/07/2025_01:00:52): /home/fernando/Imagens/extra-biglinux-wallpapers/usr/share/wallpapers/dog4.heic 


Novo wallpaper (16/07/2025_01:05:52): /home/fernando/Imagens/wallpapers-BigLinux/cat steampunk7.avif 


Novo wallpaper (16/07/2025_01:10:52): /home/fernando/Imagens/extra-biglinux-wallpapers-2023/usr/share/wallpapers/statue1.heic 


Novo wallpaper (16/07/2025_01:15:52): /home/fernando/Imagens/wallpapers-BigLinux/ambiance4.avif 


Novo wallpaper (16/07/2025_01:20:52): /home/fernando/Imagens/extra-biglinux-wallpapers/usr/share/wallpapers/animal clean grey.heic 


Novo wallpaper (16/07/2025_01:25:52): /home/fernando/Imagens/wallpapers-BigLinux/glass or crystal11.avif 


Novo wallpaper (16/07/2025_01:30:52): /home/fernando/Imagens/wallpapers-BigLinux/animal clean yellow6.avif 


Novo wallpaper (16/07/2025_01:35:52): /home/fernando/Imagens/wallpapers-BigLinux/nature13.avif 


Novo wallpaper (16/07/2025_01:40:53): /home/fernando/Imagens/wallpapers-BigLinux/face sky.avif 


Novo wallpaper (16/07/2025_01:45:53): /home/fernando/Imagens/wallpapers-BigLinux/soccer.avif 


Novo wallpaper (16/07/2025_01:50:53): /home/fernando/Imagens/wallpapers-BigLinux/zz animal non sense8.avif 


Novo wallpaper (16/07/2025_01:55:53): /home/fernando/Imagens/extra-biglinux-wallpapers-2023/usr/share/wallpapers/clean art1.heic 


Novo wallpaper (16/07/2025_02:00:53): /home/fernando/Imagens/wallpapers-BigLinux/animal seahorse2.avif 


Novo wallpaper (16/07/2025_02:05:53): /home/fernando/Imagens/wallpapers-BigLinux/wood2.avif 


Novo wallpaper (16/07/2025_02:10:53): /home/fernando/Imagens/wallpapers-BigLinux/animal dark2.avif 


Novo wallpaper (16/07/2025_02:15:53): /home/fernando/Imagens/biglinux-wallpapers-legacy/biglinux-wallpapers-legacy/usr/share/wallpapers/tree.jpg 


Novo wallpaper (16/07/2025_02:20:53): /home/fernando/Imagens/macOS/mbuntu-7.jpg 


Novo wallpaper (16/07/2025_02:25:54): /home/fernando/Imagens/extra-biglinux-wallpapers-2023/usr/share/wallpapers/cat clean2.heic 


Novo wallpaper (16/07/2025_02:30:54): /home/fernando/Imagens/extra-biglinux-wallpapers/usr/share/wallpapers/animal cute11.heic 


Novo wallpaper (16/07/2025_02:35:54): /home/fernando/Imagens/extra-biglinux-wallpapers-2023/usr/share/wallpapers/samurai panda 2.heic 


Novo wallpaper (16/07/2025_02:40:54): /home/fernando/Imagens/extra-biglinux-wallpapers-2023/usr/share/wallpapers/animal cute18.heic 


Novo wallpaper (16/07/2025_02:45:54): /home/fernando/Imagens/wallpapers-BigLinux/penguin color splash2.avif 


Novo wallpaper (16/07/2025_02:50:54): /home/fernando/Imagens/extra-biglinux-wallpapers-2023/usr/share/wallpapers/zz non sense horse2.heic 


Novo wallpaper (16/07/2025_02:55:54): /home/fernando/Imagens/wallpapers-BigLinux/robot13.avif 


Novo wallpaper (16/07/2025_03:00:54): /home/fernando/Imagens/wallpapers-BigLinux/dog family.avif 

